
ROM used:   1960/8192 (24%)
            1960/8192 (24%) including unused fragments

            1.6 Average locations per line
            14.4 Average locations per statement

RAM used:   17/368 (5%) at main() level
            56/368 (15%) worst case

Stack used: 5 worst case (5 in main + 0 for interrupts)
Stack size: 8

Lines Stmts  %   Files
----- ----- ---  -----
   86    36  26  main.c
  707     0   0  ..\..\..\..\..\..\Program Files (x86)\PICC\Devices\16f877a.h
  456   100  74  ..\..\..\..\..\..\Program Files (x86)\PICC\Drivers\lcd.c
----- -----
 1249   136 Total

Page ROM  %  RAM    Vol Diff  Functions:
---- --- --- ---    --- ----  ----------
0     20   1    1             @delay_ms1
 Inline         3    760  4.5  lcd_read_byte
0     49   2    2    262  3.7  lcd_read_nibble
0     50   3    1    399  2.4  lcd_send_nibble
0    122   6    3    415  3.7  lcd_send_byte
0     88   4    6    852  6.2  lcd_init
0     18   1    4    208  6.3  lcd_gotoxy
0     44   2    1    354  4.7  lcd_putc
0    372  19   24    154  5.5  map
0    321  16   16             @ADDFF
0    117   6   13             @MULFF
 Inline        14             @DIVFF
 Inline         4             @SFTOI
0     24   1    0     48  1.1  set_adc_
0    236  12    1   1109  5.3  MAIN
0      4   0    0             @const760
0     86   4    4             @PSTRINGC7_725
0     29   1    2             @ITOF
 Inline         5             @FTOSD
0     79   4   13             @DIV3232
0    226  12   13             @PRINTF_L32D_725FPFPF
0     63   3   10             @FLT
0      4   0    0             @const780
0      4   0    0             @const781
 Inline         0             @cinit1

Program metrics:
    Functions               10
    Statements              136
    Comments                238
    Volume (V)              7020
    Difficulty (D)          40.6
    Effort to implement (E) 285103
    Time to implement (T)   4 hours, 24 minutes
    Est Delivered Bugs (B)  1
    Cyclomatic Complexity   11
    Maintainability (MI)    142

 Segment     Used  Free
-----------  ----  ----
00000-00003     4  0  
00004-007FF  1956  88  
00800-00FFF     0  2048  
01000-017FF     0  2048  
01800-01FFF     0  2048  



